c:\users\alina\desktop\anul 2\sem_2\cg\lab_tema4\gameframework - final - task4 - copy\compiled\debug\vc142.pdb
c:\users\alina\desktop\anul 2\sem_2\cg\lab_tema4\gameframework - final - task4 - copy\compiled\debug\vc142.idb
c:\users\alina\desktop\anul 2\sem_2\cg\lab_tema4\gameframework - final - task4 - copy\compiled\debug\backbuffer.obj
c:\users\alina\desktop\anul 2\sem_2\cg\lab_tema4\gameframework - final - task4 - copy\compiled\debug\bullet.obj
c:\users\alina\desktop\anul 2\sem_2\cg\lab_tema4\gameframework - final - task4 - copy\compiled\debug\cgameapp.obj
c:\users\alina\desktop\anul 2\sem_2\cg\lab_tema4\gameframework - final - task4 - copy\compiled\debug\cplayer.obj
c:\users\alina\desktop\anul 2\sem_2\cg\lab_tema4\gameframework - final - task4 - copy\compiled\debug\ctimer.obj
c:\users\alina\desktop\anul 2\sem_2\cg\lab_tema4\gameframework - final - task4 - copy\compiled\debug\imagefile.obj
c:\users\alina\desktop\anul 2\sem_2\cg\lab_tema4\gameframework - final - task4 - copy\compiled\debug\main.obj
c:\users\alina\desktop\anul 2\sem_2\cg\lab_tema4\gameframework - final - task4 - copy\compiled\debug\resizeengine.obj
c:\users\alina\desktop\anul 2\sem_2\cg\lab_tema4\gameframework - final - task4 - copy\compiled\debug\sprite.obj
c:\users\alina\desktop\anul 2\sem_2\cg\lab_tema4\gameframework - final - task4 - copy\compiled\debug\vec2.obj
c:\users\andi\desktop\gameframework - final - task4 - copy\gameframework - final - task4 - copy\compiled\debug\vc142.pdb
c:\users\andi\desktop\gameframework - final - task4 - copy\gameframework - final - task4 - copy\compiled\debug\vc142.idb
c:\users\alina\desktop\anul 2\sem_2\cg\lab_tema4\gameframework - final - task4 - copy\d_game.exe
c:\users\alina\desktop\anul 2\sem_2\cg\lab_tema4\gameframework - final - task4 - copy\d_game.ilk
c:\users\alina\desktop\anul 2\sem_2\cg\lab_tema4\gameframework - final - task4 - copy\compiled\debug\game.pdb
c:\users\alina\desktop\anul 2\sem_2\cg\lab_tema4\gameframework - final - task4 - copy\compiled\debug\game.res
c:\users\andi\desktop\gameframework - final - task4 - copy\gameframework - final - task4 - copy\compiled\debug\backbuffer.obj
c:\users\andi\desktop\gameframework - final - task4 - copy\gameframework - final - task4 - copy\compiled\debug\bullet.obj
c:\users\andi\desktop\gameframework - final - task4 - copy\gameframework - final - task4 - copy\compiled\debug\cgameapp.obj
c:\users\andi\desktop\gameframework - final - task4 - copy\gameframework - final - task4 - copy\compiled\debug\cplayer.obj
c:\users\andi\desktop\gameframework - final - task4 - copy\gameframework - final - task4 - copy\compiled\debug\ctimer.obj
c:\users\andi\desktop\gameframework - final - task4 - copy\gameframework - final - task4 - copy\compiled\debug\imagefile.obj
c:\users\andi\desktop\gameframework - final - task4 - copy\gameframework - final - task4 - copy\compiled\debug\main.obj
c:\users\andi\desktop\gameframework - final - task4 - copy\gameframework - final - task4 - copy\compiled\debug\resizeengine.obj
c:\users\andi\desktop\gameframework - final - task4 - copy\gameframework - final - task4 - copy\compiled\debug\sprite.obj
c:\users\andi\desktop\gameframework - final - task4 - copy\gameframework - final - task4 - copy\compiled\debug\vec2.obj
c:\users\andi\desktop\gameframework - final - task4 - copy\gameframework - final - task4 - copy\compiled\debug\game.res
c:\users\andi\desktop\gameframework - final - task4 - copy\gameframework - final - task4 - copy\compiled\debug\game.pdb
c:\users\andi\desktop\gameframework - final - task4 - copy\gameframework - final - task4 - copy\d_game.exe
c:\users\andi\desktop\gameframework - final - task4 - copy\gameframework - final - task4 - copy\d_game.ilk
c:\users\andi\desktop\gameframework - final - task4 - copy\gameframework - final - task4 - copy\compiled\debug\game.tlog\cl.command.1.tlog
c:\users\andi\desktop\gameframework - final - task4 - copy\gameframework - final - task4 - copy\compiled\debug\game.tlog\cl.read.1.tlog
c:\users\andi\desktop\gameframework - final - task4 - copy\gameframework - final - task4 - copy\compiled\debug\game.tlog\cl.write.1.tlog
c:\users\andi\desktop\gameframework - final - task4 - copy\gameframework - final - task4 - copy\compiled\debug\game.tlog\link.command.1.tlog
c:\users\andi\desktop\gameframework - final - task4 - copy\gameframework - final - task4 - copy\compiled\debug\game.tlog\link.read.1.tlog
c:\users\andi\desktop\gameframework - final - task4 - copy\gameframework - final - task4 - copy\compiled\debug\game.tlog\link.write.1.tlog
c:\users\andi\desktop\gameframework - final - task4 - copy\gameframework - final - task4 - copy\compiled\debug\game.tlog\rc.command.1.tlog
c:\users\andi\desktop\gameframework - final - task4 - copy\gameframework - final - task4 - copy\compiled\debug\game.tlog\rc.read.1.tlog
c:\users\andi\desktop\gameframework - final - task4 - copy\gameframework - final - task4 - copy\compiled\debug\game.tlog\rc.write.1.tlog
